ARVR MCO/Library/Bee/Android/Prj/IL2CPP/Gradle/unityLibrary/build/intermediates/manifest_merge_blame_file/release/manifest-merger-blame-release-report.txt
1<?xml version="1.0" encoding="utf-8"?>
2<manifest xmlns:android="http://schemas.android.com/apk/res/android"
3    xmlns:tools="http://schemas.android.com/tools"
4    package="com.unity3d.player"
5    android:installLocation="auto" >
6
7    <uses-sdk
8        android:minSdkVersion="30"
8-->src\main\AndroidManifest.xml
9        android:targetSdkVersion="33" />
9-->src\main\AndroidManifest.xml
10
11    <uses-permission android:name="android.permission.INTERNET" />
11-->src\main\AndroidManifest.xml:3:3-65
11-->src\main\AndroidManifest.xml:3:20-62
12
13    <uses-feature android:glEsVersion="0x00030000" />
13-->src\main\AndroidManifest.xml:4:3-52
13-->src\main\AndroidManifest.xml:4:17-49
14    <uses-feature
14-->src\main\AndroidManifest.xml:5:3-91
15        android:name="android.hardware.vulkan.version"
15-->src\main\AndroidManifest.xml:5:17-63
16        android:required="false" />
16-->src\main\AndroidManifest.xml:5:64-88
17    <uses-feature
17-->src\main\AndroidManifest.xml:6:3-88
18        android:name="android.hardware.touchscreen"
18-->src\main\AndroidManifest.xml:6:17-60
19        android:required="false" />
19-->src\main\AndroidManifest.xml:6:61-85
20    <uses-feature
20-->src\main\AndroidManifest.xml:7:3-99
21        android:name="android.hardware.touchscreen.multitouch"
21-->src\main\AndroidManifest.xml:7:17-71
22        android:required="false" />
22-->src\main\AndroidManifest.xml:7:72-96
23    <uses-feature
23-->src\main\AndroidManifest.xml:8:3-108
24        android:name="android.hardware.touchscreen.multitouch.distinct"
24-->src\main\AndroidManifest.xml:8:17-80
25        android:required="false" />
25-->src\main\AndroidManifest.xml:8:81-105
26    <uses-feature
26-->src\main\AndroidManifest.xml:34:3-111
27        android:name="android.hardware.vr.headtracking"
27-->src\main\AndroidManifest.xml:34:17-64
28        android:required="true"
28-->src\main\AndroidManifest.xml:34:65-88
29        android:version="1" />
29-->src\main\AndroidManifest.xml:34:89-108
30
31    <application android:extractNativeLibs="true" >
31-->src\main\AndroidManifest.xml:9:3-33:17
31-->src\main\AndroidManifest.xml:9:16-48
32        <meta-data
32-->src\main\AndroidManifest.xml:10:5-69
33            android:name="unity.splash-mode"
33-->src\main\AndroidManifest.xml:10:16-48
34            android:value="0" />
34-->src\main\AndroidManifest.xml:10:49-66
35        <meta-data
35-->src\main\AndroidManifest.xml:11:5-74
36            android:name="unity.splash-enable"
36-->src\main\AndroidManifest.xml:11:16-50
37            android:value="True" />
37-->src\main\AndroidManifest.xml:11:51-71
38        <meta-data
38-->src\main\AndroidManifest.xml:12:5-78
39            android:name="unity.launch-fullscreen"
39-->src\main\AndroidManifest.xml:12:16-54
40            android:value="True" />
40-->src\main\AndroidManifest.xml:12:55-75
41        <meta-data
41-->src\main\AndroidManifest.xml:13:5-84
42            android:name="unity.render-outside-safearea"
42-->src\main\AndroidManifest.xml:13:16-60
43            android:value="True" />
43-->src\main\AndroidManifest.xml:13:61-81
44        <meta-data
44-->src\main\AndroidManifest.xml:14:5-81
45            android:name="notch.config"
45-->src\main\AndroidManifest.xml:14:16-43
46            android:value="portrait|landscape" />
46-->src\main\AndroidManifest.xml:14:44-78
47        <meta-data
47-->src\main\AndroidManifest.xml:15:5-84
48            android:name="unity.auto-report-fully-drawn"
48-->src\main\AndroidManifest.xml:15:16-60
49            android:value="true" />
49-->src\main\AndroidManifest.xml:15:61-81
50        <meta-data
50-->src\main\AndroidManifest.xml:16:5-78
51            android:name="unity.strip-engine-code"
51-->src\main\AndroidManifest.xml:16:16-54
52            android:value="true" />
52-->src\main\AndroidManifest.xml:16:55-75
53
54        <activity
54-->src\main\AndroidManifest.xml:17:5-27:16
55            android:name="com.unity3d.player.UnityPlayerGameActivity"
55-->src\main\AndroidManifest.xml:17:240-297
56            android:configChanges="keyboard|keyboardHidden|navigation|orientation|screenLayout|screenSize|uiMode|density"
56-->src\main\AndroidManifest.xml:17:15-124
57            android:enabled="true"
57-->src\main\AndroidManifest.xml:17:125-147
58            android:exported="true"
58-->src\main\AndroidManifest.xml:17:148-171
59            android:hardwareAccelerated="false"
59-->src\main\AndroidManifest.xml:17:172-207
60            android:launchMode="singleTask"
60-->src\main\AndroidManifest.xml:17:208-239
61            android:resizeableActivity="false"
61-->src\main\AndroidManifest.xml:17:298-332
62            android:screenOrientation="landscape"
62-->src\main\AndroidManifest.xml:17:333-370
63            android:theme="@style/BaseUnityGameActivityTheme" >
63-->src\main\AndroidManifest.xml:17:371-420
64            <intent-filter>
64-->src\main\AndroidManifest.xml:18:7-22:23
65                <category android:name="android.intent.category.LAUNCHER" />
65-->src\main\AndroidManifest.xml:19:9-69
65-->src\main\AndroidManifest.xml:19:19-66
66
67                <action android:name="android.intent.action.MAIN" />
67-->src\main\AndroidManifest.xml:20:9-61
67-->src\main\AndroidManifest.xml:20:17-58
68
69                <category android:name="com.oculus.intent.category.VR" />
69-->src\main\AndroidManifest.xml:21:9-66
69-->src\main\AndroidManifest.xml:21:19-63
70            </intent-filter>
71
72            <meta-data
72-->src\main\AndroidManifest.xml:23:7-82
73                android:name="unityplayer.UnityActivity"
73-->src\main\AndroidManifest.xml:23:18-58
74                android:value="true" />
74-->src\main\AndroidManifest.xml:23:59-79
75            <meta-data
75-->src\main\AndroidManifest.xml:24:7-77
76                android:name="android.app.lib_name"
76-->src\main\AndroidManifest.xml:24:18-53
77                android:value="game" />
77-->src\main\AndroidManifest.xml:24:54-74
78            <meta-data
78-->src\main\AndroidManifest.xml:25:7-70
79                android:name="notch_support"
79-->src\main\AndroidManifest.xml:25:18-46
80                android:value="true" />
80-->src\main\AndroidManifest.xml:25:47-67
81            <meta-data
81-->src\main\AndroidManifest.xml:26:7-81
82                android:name="com.oculus.vr.focusaware"
82-->src\main\AndroidManifest.xml:26:18-57
83                android:value="true" />
83-->src\main\AndroidManifest.xml:26:58-78
84        </activity>
85
86        <meta-data
86-->src\main\AndroidManifest.xml:28:5-97
87            android:name="com.samsung.android.vr.application.mode"
87-->src\main\AndroidManifest.xml:28:16-70
88            android:value="vr_only" />
88-->src\main\AndroidManifest.xml:28:71-94
89        <meta-data
89-->src\main\AndroidManifest.xml:29:5-91
90            android:name="com.unity.xr.oculus.LowOverheadMode"
90-->src\main\AndroidManifest.xml:29:16-66
91            android:value="false" />
91-->src\main\AndroidManifest.xml:29:67-88
92        <meta-data
92-->src\main\AndroidManifest.xml:30:5-88
93            android:name="com.unity.xr.oculus.LateLatching"
93-->src\main\AndroidManifest.xml:30:16-63
94            android:value="false" />
94-->src\main\AndroidManifest.xml:30:64-85
95        <meta-data
95-->src\main\AndroidManifest.xml:31:5-93
96            android:name="com.unity.xr.oculus.LateLatchingDebug"
96-->src\main\AndroidManifest.xml:31:16-68
97            android:value="false" />
97-->src\main\AndroidManifest.xml:31:69-90
98        <meta-data
98-->src\main\AndroidManifest.xml:32:5-91
99            android:name="com.oculus.supportedDevices"
99-->src\main\AndroidManifest.xml:32:16-58
100            android:value="quest2|eureka" />
100-->src\main\AndroidManifest.xml:32:59-88
101    </application>
102
103</manifest>